#
# There is insufficient memory for the Java Runtime Environment to continue.
# Native memory allocation (malloc) failed to allocate 1048576 bytes for E in C:\jdk7u1_64p\jdk7u11\hotspot\src\share\vm\utilities/taskqueue.hpp
# Possible reasons:
#   The system is out of physical RAM or swap space
#   In 32 bit mode, the process size limit was hit
# Possible solutions:
#   Reduce memory load on the system
#   Increase physical memory or swap space
#   Check if swap backing store is full
#   Use 64 bit Java on a 64 bit OS
#   Decrease Java heap size (-Xmx/-Xms)
#   Decrease number of Java threads
#   Decrease Java thread stack sizes (-Xss)
#   Set larger code cache with -XX:ReservedCodeCacheSize=
# This output file may be truncated or incomplete.
#
#  Out of Memory Error (memory/allocation.inline.hpp:58), pid=7896, tid=7028
#
# JRE version: 7.0_11-b21
# Java VM: Java HotSpot(TM) 64-Bit Server VM (23.6-b04 mixed mode windows-amd64 compressed oops)
# Failed to write core dump. Minidumps are not enabled by default on client versions of Windows
#

---------------  T H R E A D  ---------------

Current thread (0x00000000003dd800):  JavaThread "Unknown thread" [_thread_in_vm, id=7028, stack(0x0000000002520000,0x0000000002620000)]

Stack: [0x0000000002520000,0x0000000002620000]

---------------  P R O C E S S  ---------------

Java Threads: ( => current thread )

Other Threads:

=>0x00000000003dd800 (exited) JavaThread "Unknown thread" [_thread_in_vm, id=7028, stack(0x0000000002520000,0x0000000002620000)]

VM state:not at safepoint (normal execution)

VM Mutex/Monitor currently owned by a thread: None

Heap
 PSYoungGen      total 18624K, used 320K [0x00000000eaab0000, 0x00000000ebf70000, 0x0000000100000000)
  eden space 16000K, 2% used [0x00000000eaab0000,0x00000000eab00070,0x00000000eba50000)
  from space 2624K, 0% used [0x00000000ebce0000,0x00000000ebce0000,0x00000000ebf70000)
  to   space 2624K, 0% used [0x00000000eba50000,0x00000000eba50000,0x00000000ebce0000)
 ParOldGen       total 42496K, used 0K [0x00000000c0000000, 0x00000000c2980000, 0x00000000eaab0000)
  object space 42496K, 0% used [0x00000000c0000000,0x00000000c0000000,0x00000000c2980000)
 PSPermGen       total 21248K, used 701K [0x00000000bae00000, 0x00000000bc2c0000, 0x00000000c0000000)
  object space 21248K, 3% used [0x00000000bae00000,0x00000000baeaf5e0,0x00000000bc2c0000)

Card table byte_map: [0x00000000056e0000,0x0000000005910000] byte_map_base: 0x0000000005109000

Polling page: 0x0000000000340000

Code Cache  [0x0000000002620000, 0x0000000002890000, 0x0000000005620000)
 total_blobs=39 nmethods=0 adapters=20 free_code_cache=48889Kb largest_free_block=50062912

Compilation events (0 events):
No events

GC Heap History (0 events):
No events

Deoptimization events (0 events):
No events

Internal exceptions (0 events):
No events

Events (10 events):
Event: 0.046 loading class 0x00000000023d5770
Event: 0.046 loading class 0x00000000023d5770 done
Event: 0.046 loading class 0x00000000023d57d0
Event: 0.046 loading class 0x00000000023d57d0 done
Event: 0.046 loading class 0x00000000023d5800
Event: 0.046 loading class 0x00000000023d5800 done
Event: 0.047 loading class 0x00000000023923d0
Event: 0.047 loading class 0x00000000023923d0 done
Event: 0.047 loading class 0x0000000002391f90
Event: 0.047 loading class 0x0000000002391f90 done


Dynamic libraries:
0x000000013f150000 - 0x000000013f183000 	E:\java_platform\JAVA\bin\java.exe
0x00000000776c0000 - 0x0000000077869000 	C:\windows\SYSTEM32\ntdll.dll
0x00000000775a0000 - 0x00000000776bf000 	C:\windows\system32\kernel32.dll
0x000007fefd740000 - 0x000007fefd7ab000 	C:\windows\system32\KERNELBASE.dll
0x000007fefdf00000 - 0x000007fefdfdb000 	C:\windows\system32\ADVAPI32.dll
0x000007fefdcc0000 - 0x000007fefdd5f000 	C:\windows\system32\msvcrt.dll
0x000007fefdb30000 - 0x000007fefdb4f000 	C:\windows\SYSTEM32\sechost.dll
0x000007fefe300000 - 0x000007fefe42d000 	C:\windows\system32\RPCRT4.dll
0x00000000774a0000 - 0x000000007759a000 	C:\windows\system32\USER32.dll
0x000007fefde70000 - 0x000007fefded7000 	C:\windows\system32\GDI32.dll
0x000007fefdfe0000 - 0x000007fefdfee000 	C:\windows\system32\LPK.dll
0x000007fefdb50000 - 0x000007fefdc19000 	C:\windows\system32\USP10.dll
0x000007fefbe60000 - 0x000007fefc054000 	C:\windows\WinSxS\amd64_microsoft.windows.common-controls_6595b64144ccf1df_6.0.7601.17514_none_fa396087175ac9ac\COMCTL32.dll
0x000007fefe430000 - 0x000007fefe4a1000 	C:\windows\system32\SHLWAPI.dll
0x000007fefd910000 - 0x000007fefd93e000 	C:\windows\system32\IMM32.DLL
0x000007fefdd60000 - 0x000007fefde69000 	C:\windows\system32\MSCTF.dll
0x0000000066e90000 - 0x0000000066f61000 	E:\java_platform\JAVA\jre\bin\msvcr100.dll
0x0000000061660000 - 0x0000000061d7f000 	E:\java_platform\JAVA\jre\bin\server\jvm.dll
0x000007fefae00000 - 0x000007fefae09000 	C:\windows\system32\WSOCK32.dll
0x000007fefd840000 - 0x000007fefd88d000 	C:\windows\system32\WS2_32.dll
0x000007fefdb20000 - 0x000007fefdb28000 	C:\windows\system32\NSI.dll
0x000007fefaca0000 - 0x000007fefacdb000 	C:\windows\system32\WINMM.dll
0x0000000077890000 - 0x0000000077897000 	C:\windows\system32\PSAPI.DLL
0x0000000066800000 - 0x000000006680f000 	E:\java_platform\JAVA\jre\bin\verify.dll
0x0000000066380000 - 0x00000000663a8000 	E:\java_platform\JAVA\jre\bin\java.dll
0x0000000066150000 - 0x0000000066165000 	E:\java_platform\JAVA\jre\bin\zip.dll

VM Arguments:
jvm_args: -Xmx1024M -Dfile.encoding=GBK -Duser.country=CN -Duser.language=zh -Duser.variant 
java_command: com.android.dx.command.Main --dex --output E:\android_platform\android-studio-ide-135.1538390-windows\workspace\ToolBarWithDrawerTest\app\build\intermediates\dex\debug E:\android_platform\android-studio-ide-135.1538390-windows\workspace\ToolBarWithDrawerTest\app\build\intermediates\classes\debug E:\android_platform\android-studio-ide-135.1538390-windows\workspace\ToolBarWithDrawerTest\app\build\intermediates\pre-dexed\debug\support-annotations-21.0.3-c548b6a23593d3f1e4d9dbcd26912a834551c78e.jar E:\android_platform\android-studio-ide-135.1538390-windows\workspace\ToolBarWithDrawerTest\app\build\intermediates\pre-dexed\debug\internal_impl-21.0.3-42ecadc82e4faa8a5213baf4140c92d2ed0ab05e.jar E:\android_platform\android-studio-ide-135.1538390-windows\workspace\ToolBarWithDrawerTest\app\build\intermediates\pre-dexed\debug\classes-8e40e65036b17ff4dc4f7df2a6bfe332cc54c8ed.jar E:\android_platform\android-studio-ide-135.1538390-windows\workspace\ToolBarWithDrawerTest\app\build\intermediates\pre-dexed\debug\classes-5cc8c210bd8e67141b674ccb49c29775abc66785.jar
Launcher Type: SUN_STANDARD

Environment Variables:
JAVA_HOME=E:\java_platform\JAVA
PATH=E:\java_platform\tomcat\apache-tomcat-6.0.37\bin;E:\android_platform\adt-bundle-windows-x86_64-20140702\sdk\platform-tools;E:\java_platform\JAVA\bin;C:\Program Files (x86)\Common Files\Microsoft Shared\Windows Live;C:\Program Files (x86)\Common Files\Microsoft Shared\Windows Live;C:\Program Files (x86)\AMD APP\bin\x86_64;C:\Program Files (x86)\AMD APP\bin\x86;C:\Program Files (x86)\Intel\iCLS Client\;C:\Program Files\Intel\iCLS Client\;C:\windows\system32;C:\windows;C:\windows\System32\Wbem;C:\windows\System32\WindowsPowerShell\v1.0\;C:\Program Files\Intel\Intel(R) Management Engine Components\DAL;C:\Program Files\Intel\Intel(R) Management Engine Components\IPT;C:\Program Files (x86)\Intel\Intel(R) Management Engine Components\DAL;C:\Program Files (x86)\Intel\Intel(R) Management Engine Components\IPT;C:\Program Files (x86)\Intel\OpenCL SDK\2.0\bin\x86;C:\Program Files (x86)\Intel\OpenCL SDK\2.0\bin\x64;C:\Program Files (x86)\ATI Technologies\ATI.ACE\Core-Static;E:\maven\apache-maven-3.2.3\bin;E:\gradle\gradle-2.3\bin;D:\rose\common;D:\rose;C:\Program Files (x86)\Microsoft SQL Server\100\Tools\Binn\;C:\Program Files\Microsoft SQL Server\100\Tools\Binn\;C:\Program Files\Microsoft SQL Server\100\DTS\Binn\;D:\vc\Tools\WinNT;D:\vc\MSDev98\Bin;D:\vc\Tools;D:\Microsoft Visual Studio\VC98\bin;E:\java_platform\jnitest\NativeCode\x64\Debug
USERNAME=Rowandjj
OS=Windows_NT
PROCESSOR_IDENTIFIER=Intel64 Family 6 Model 58 Stepping 9, GenuineIntel



---------------  S Y S T E M  ---------------

OS: Windows 7 , 64 bit Build 7601 Service Pack 1

CPU:total 4 (2 cores per cpu, 2 threads per core) family 6 model 58 stepping 9, cmov, cx8, fxsr, mmx, sse, sse2, sse3, ssse3, sse4.1, sse4.2, popcnt, avx, ht, tsc, tscinvbit, tscinv

Memory: 4k page, physical 4078532k(673476k free), swap 6173820k(5156k free)

vm_info: Java HotSpot(TM) 64-Bit Server VM (23.6-b04) for windows-amd64 JRE (1.7.0_11-b21), built on Jan 12 2013 02:38:42 by "java_re" with unknown MS VC++:1600

time: Wed Apr 08 23:45:41 2015
elapsed time: 0 seconds

